# JRE version: Java(TM) SE Runtime Environment (8.0_192-b12) (build 1.8.0_192-b12)
# Java VM: Java HotSpot(TM) 64-Bit Server VM (25.192-b12 mixed mode windows-amd64 compressed oops)
Heap:
 PSYoungGen      total 400384K, used 306958K [0x00000000e0000000, 0x0000000100000000, 0x0000000100000000)
  eden space 296960K, 100% used [0x00000000e0000000,0x00000000f2200000,0x00000000f2200000)
  from space 103424K, 9% used [0x00000000f2200000,0x00000000f2bc3848,0x00000000f8700000)
  to   space 101376K, 37% used [0x00000000f9d00000,0x00000000fc290200,0x0000000100000000)
 ParOldGen       total 461312K, used 207341K [0x00000000a0000000, 0x00000000bc280000, 0x00000000e0000000)
  object space 461312K, 44% used [0x00000000a0000000,0x00000000aca7b7a8,0x00000000bc280000)
 Metaspace       used 208435K, capacity 220444K, committed 221260K, reserved 1243136K
  class space    used 25368K, capacity 27455K, committed 27508K, reserved 1048576K
GC Heap History (10 events):
Event: 6779.386 GC heap after
Heap after GC invocations=70 (full 5):
 PSYoungGen      total 403968K, used 5453K [0x00000000e0000000, 0x00000000ffa00000, 0x0000000100000000)
  eden space 291840K, 0% used [0x00000000e0000000,0x00000000e0000000,0x00000000f1d00000)
  from space 112128K, 4% used [0x00000000f1d00000,0x00000000f2253720,0x00000000f8a80000)
  to   space 110080K, 0% used [0x00000000f8e80000,0x00000000f8e80000,0x00000000ffa00000)
 ParOldGen       total 461312K, used 141275K [0x00000000a0000000, 0x00000000bc280000, 0x00000000e0000000)
  object space 461312K, 30% used [0x00000000a0000000,0x00000000a89f6dc8,0x00000000bc280000)
 Metaspace       used 194730K, capacity 206436K, committed 207180K, reserved 1230848K
  class space    used 23847K, capacity 25857K, committed 25972K, reserved 1048576K
}
Event: 6782.003 GC heap before
{Heap before GC invocations=71 (full 5):
 PSYoungGen      total 403968K, used 297293K [0x00000000e0000000, 0x00000000ffa00000, 0x0000000100000000)
  eden space 291840K, 100% used [0x00000000e0000000,0x00000000f1d00000,0x00000000f1d00000)
  from space 112128K, 4% used [0x00000000f1d00000,0x00000000f2253720,0x00000000f8a80000)
  to   space 110080K, 0% used [0x00000000f8e80000,0x00000000f8e80000,0x00000000ffa00000)
 ParOldGen       total 461312K, used 141275K [0x00000000a0000000, 0x00000000bc280000, 0x00000000e0000000)
  object space 461312K, 30% used [0x00000000a0000000,0x00000000a89f6dc8,0x00000000bc280000)
 Metaspace       used 201588K, capacity 213406K, committed 214092K, reserved 1236992K
  class space    used 24607K, capacity 26656K, committed 26740K, reserved 1048576K
Event: 6782.039 GC heap after
Heap after GC invocations=71 (full 5):
 PSYoungGen      total 400896K, used 72245K [0x00000000e0000000, 0x0000000100000000, 0x0000000100000000)
  eden space 290816K, 0% used [0x00000000e0000000,0x00000000e0000000,0x00000000f1c00000)
  from space 110080K, 65% used [0x00000000f8e80000,0x00000000fd50d710,0x00000000ffa00000)
  to   space 116736K, 0% used [0x00000000f1c00000,0x00000000f1c00000,0x00000000f8e00000)
 ParOldGen       total 461312K, used 145298K [0x00000000a0000000, 0x00000000bc280000, 0x00000000e0000000)
  object space 461312K, 31% used [0x00000000a0000000,0x00000000a8de4928,0x00000000bc280000)
 Metaspace       used 201588K, capacity 213406K, committed 214092K, reserved 1236992K
  class space    used 24607K, capacity 26656K, committed 26740K, reserved 1048576K
}
Event: 6782.979 GC heap before
{Heap before GC invocations=72 (full 5):
 PSYoungGen      total 400896K, used 363061K [0x00000000e0000000, 0x0000000100000000, 0x0000000100000000)
  eden space 290816K, 100% used [0x00000000e0000000,0x00000000f1c00000,0x00000000f1c00000)
  from space 110080K, 65% used [0x00000000f8e80000,0x00000000fd50d710,0x00000000ffa00000)
  to   space 116736K, 0% used [0x00000000f1c00000,0x00000000f1c00000,0x00000000f8e00000)
 ParOldGen       total 461312K, used 145298K [0x00000000a0000000, 0x00000000bc280000, 0x00000000e0000000)
  object space 461312K, 31% used [0x00000000a0000000,0x00000000a8de4928,0x00000000bc280000)
 Metaspace       used 201619K, capacity 213470K, committed 214348K, reserved 1236992K
  class space    used 24607K, capacity 26656K, committed 26740K, reserved 1048576K
Event: 6783.011 GC heap after
Heap after GC invocations=72 (full 5):
 PSYoungGen      total 407552K, used 27236K [0x00000000e0000000, 0x00000000ffa80000, 0x0000000100000000)
  eden space 290816K, 0% used [0x00000000e0000000,0x00000000e0000000,0x00000000f1c00000)
  from space 116736K, 23% used [0x00000000f1c00000,0x00000000f36990c8,0x00000000f8e00000)
  to   space 110592K, 0% used [0x00000000f8e80000,0x00000000f8e80000,0x00000000ffa80000)
 ParOldGen       total 461312K, used 174416K [0x00000000a0000000, 0x00000000bc280000, 0x00000000e0000000)
  object space 461312K, 37% used [0x00000000a0000000,0x00000000aaa54018,0x00000000bc280000)
 Metaspace       used 201619K, capacity 213470K, committed 214348K, reserved 1236992K
  class space    used 24607K, capacity 26656K, committed 26740K, reserved 1048576K
}
Event: 6784.255 GC heap before
{Heap before GC invocations=73 (full 5):
 PSYoungGen      total 407552K, used 318052K [0x00000000e0000000, 0x00000000ffa80000, 0x0000000100000000)
  eden space 290816K, 100% used [0x00000000e0000000,0x00000000f1c00000,0x00000000f1c00000)
  from space 116736K, 23% used [0x00000000f1c00000,0x00000000f36990c8,0x00000000f8e00000)
  to   space 110592K, 0% used [0x00000000f8e80000,0x00000000f8e80000,0x00000000ffa80000)
 ParOldGen       total 461312K, used 174416K [0x00000000a0000000, 0x00000000bc280000, 0x00000000e0000000)
  object space 461312K, 37% used [0x00000000a0000000,0x00000000aaa54018,0x00000000bc280000)
 Metaspace       used 201636K, capacity 213598K, committed 214348K, reserved 1236992K
  class space    used 24607K, capacity 26656K, committed 26740K, reserved 1048576K
Event: 6784.308 GC heap after
Heap after GC invocations=73 (full 5):
 PSYoungGen      total 392704K, used 36342K [0x00000000e0000000, 0x00000000fec00000, 0x0000000100000000)
  eden space 296960K, 0% used [0x00000000e0000000,0x00000000e0000000,0x00000000f2200000)
  from space 95744K, 37% used [0x00000000f8e80000,0x00000000fb1fd948,0x00000000fec00000)
  to   space 103424K, 0% used [0x00000000f2200000,0x00000000f2200000,0x00000000f8700000)
 ParOldGen       total 461312K, used 201076K [0x00000000a0000000, 0x00000000bc280000, 0x00000000e0000000)
  object space 461312K, 43% used [0x00000000a0000000,0x00000000ac45d290,0x00000000bc280000)
 Metaspace       used 201636K, capacity 213598K, committed 214348K, reserved 1236992K
  class space    used 24607K, capacity 26656K, committed 26740K, reserved 1048576K
}
Event: 7082.686 GC heap before
{Heap before GC invocations=74 (full 5):
 PSYoungGen      total 392704K, used 333302K [0x00000000e0000000, 0x00000000fec00000, 0x0000000100000000)
  eden space 296960K, 100% used [0x00000000e0000000,0x00000000f2200000,0x00000000f2200000)
  from space 95744K, 37% used [0x00000000f8e80000,0x00000000fb1fd948,0x00000000fec00000)
  to   space 103424K, 0% used [0x00000000f2200000,0x00000000f2200000,0x00000000f8700000)
 ParOldGen       total 461312K, used 201076K [0x00000000a0000000, 0x00000000bc280000, 0x00000000e0000000)
  object space 461312K, 43% used [0x00000000a0000000,0x00000000ac45d290,0x00000000bc280000)
 Metaspace       used 201661K, capacity 213602K, committed 214348K, reserved 1236992K
  class space    used 24607K, capacity 26656K, committed 26740K, reserved 1048576K
Event: 7082.694 GC heap after
Heap after GC invocations=74 (full 5):
 PSYoungGen      total 400384K, used 9998K [0x00000000e0000000, 0x0000000100000000, 0x0000000100000000)
  eden space 296960K, 0% used [0x00000000e0000000,0x00000000e0000000,0x00000000f2200000)
  from space 103424K, 9% used [0x00000000f2200000,0x00000000f2bc3848,0x00000000f8700000)
  to   space 101376K, 0% used [0x00000000f9d00000,0x00000000f9d00000,0x0000000100000000)
 ParOldGen       total 461312K, used 203451K [0x00000000a0000000, 0x00000000bc280000, 0x00000000e0000000)
  object space 461312K, 44% used [0x00000000a0000000,0x00000000ac6aec28,0x00000000bc280000)
 Metaspace       used 201661K, capacity 213602K, committed 214348K, reserved 1236992K
  class space    used 24607K, capacity 26656K, committed 26740K, reserved 1048576K
}
Event: 7084.849 GC heap before
{Heap before GC invocations=75 (full 5):
 PSYoungGen      total 400384K, used 306958K [0x00000000e0000000, 0x0000000100000000, 0x0000000100000000)
  eden space 296960K, 100% used [0x00000000e0000000,0x00000000f2200000,0x00000000f2200000)
  from space 103424K, 9% used [0x00000000f2200000,0x00000000f2bc3848,0x00000000f8700000)
  to   space 101376K, 0% used [0x00000000f9d00000,0x00000000f9d00000,0x0000000100000000)
 ParOldGen       total 461312K, used 203451K [0x00000000a0000000, 0x00000000bc280000, 0x00000000e0000000)
  object space 461312K, 44% used [0x00000000a0000000,0x00000000ac6aec28,0x00000000bc280000)
 Metaspace       used 208435K, capacity 220444K, committed 221260K, reserved 1243136K
  class space    used 25368K, capacity 27455K, committed 27508K, reserved 1048576K

